0:100  0:100  MemLog inited, TSC freq: 2208017420
0:100  0:000  CPU was calibrated with RTC
0:100  0:000  
0:100  0:000  Now is 28.10.2018,  19:26:14 (GMT)
0:100  0:000  Starting Clover revision: 4674 on INSYDE Corp. EFI
0:100  0:000  Build with: [Args: -D NO_GRUB_DRIVERS_EMBEDDED | -D NO_GRUB_DRIVERS_EMBEDDED -D USE_LOW_EBDA -a X64 -b RELEASE -t XCODE8 -n 5 | OS: 10.13.6 | XCODE: 10.0]
0:100  0:000  SelfDevicePath=PciRoot(0x0)\Pci(0x17,0x0)\Sata(0x4,0x0,0x0)\HD(1,GPT,C9561752-705B-4A3D-9317-9C051FE69603,0x28,0x64000) @7B7BA718
0:100  0:000  SelfDirPath = \EFI\BOOT
0:101  0:001  === [ Get Smbios ] ========================================
0:101  0:000  Type 16 Index = 0
0:101  0:000  Total Memory Slots Count = 2
0:101  0:000  Type 17 Index = 0
0:101  0:000  SmbiosTable.Type17->Speed = 2667MHz
0:101  0:000  SmbiosTable.Type17->Size = 16384MB
0:101  0:000  SmbiosTable.Type17->Bank/Device = BANK 0 ChannelA-DIMM0
0:101  0:000  SmbiosTable.Type17->Vendor = Samsung
0:101  0:000  SmbiosTable.Type17->SerialNumber = 386606C5
0:101  0:000  SmbiosTable.Type17->PartNumber = M471A2K43CB1-CTD    
0:101  0:000  Type 17 Index = 1
0:101  0:000  Ignoring insane frequency value 0MHz
0:101  0:000  SmbiosTable.Type17->Speed = 0MHz
0:101  0:000  SmbiosTable.Type17->Size = 0MB
0:101  0:000  SmbiosTable.Type17->Bank/Device = BANK 2 ChannelB-DIMM0
0:101  0:000  SmbiosTable.Type17->Vendor = <null string>
0:101  0:000  SmbiosTable.Type17->SerialNumber = <null string>
0:101  0:000  SmbiosTable.Type17->PartNumber = <null string>
0:101  0:000  Boot status=0
0:101  0:000  Running on: '81FV' with board 'LNVNB161216'
0:101  0:000  === [ GetCPUProperties ] ==================================
0:102  0:000  CPU Vendor = 756E6547 Model=906EA
0:102  0:000   The CPU supported SSE4.1
0:102  0:000  BrandString = Intel(R) Core(TM) i7-8750H CPU @ 2.20GHz
0:102  0:000   The CPU supported turbo
0:102  0:000  MSR 0x35               6000C
0:102  0:000   TSC/CCC Information Leaf:
0:102  0:000    numerator     : 184
0:102  0:000    denominator   : 2
0:102  0:000   Calibrated ARTFrequency: 24000189
0:102  0:000  MSR 0xE2 before patch 1E008005
0:102  0:000  MSR 0xE2 is locked, PM patches will be turned on
0:102  0:000  MSR 0xCE              0008083B_F1011600
0:102  0:000  corrected FLEX_RATIO = 0
0:102  0:000  MSR 0x1B0             00000000
0:102  0:000  FSBFrequency = 95 MHz, DMI FSBFrequency = 100 MHz, Corrected FSBFrequency = 100 MHz
0:102  0:000  MaxDiv/MinDiv: 22.0/8
0:102  0:000  Turbo: 40/40/41/41
0:102  0:000  Features: 0xBFEBFBFF
0:102  0:000  Threads: 12
0:102  0:000  Cores: 6
0:102  0:000  FSB: 100 MHz
0:102  0:000  CPU: 2079 MHz
0:102  0:000  TSC: 2079 MHz
0:102  0:000  PIS: 100 MHz
0:102  0:000  ExternalClock: 25 MHz
0:102  0:000  === [ GetDevices ] ========================================
0:102  0:000  PCI (00|00:00.00) : 8086 3EC4 class=060000
0:102  0:000  PCI (00|00:01.00) : 8086 1901 class=060400
0:102  0:000  PCI (00|01:00.00) : 10DE 1C8C class=030000
0:102  0:000   - GFX: Model=Unknown family 137 (Nvidia)
0:102  0:000  PCI (00|01:00.01) : FFFF FFFF class=FFFFFF
0:102  0:000  PCI (00|00:02.00) : 8086 3E9B class=030000
0:102  0:000   - GFX: Model=Intel UHD Graphics 630 (Intel)
0:102  0:000  PCI (00|00:04.00) : 8086 1903 class=118000
0:102  0:000  PCI (00|00:08.00) : 8086 1911 class=088000
0:102  0:000  PCI (00|00:12.00) : 8086 A379 class=118000
0:102  0:000  PCI (00|00:14.00) : 8086 A36D class=0C0330
0:102  0:000  PCI (00|00:14.02) : 8086 A36F class=050000
0:102  0:000  PCI (00|00:14.03) : 8086 A370 class=028000
0:102  0:000   - WIFI: Vendor=Intel
0:102  0:000  PCI (00|00:15.00) : 8086 A368 class=0C8000
0:102  0:000  PCI (00|00:15.01) : 8086 A369 class=0C8000
0:102  0:000  PCI (00|00:16.00) : 8086 A360 class=078000
0:102  0:000  PCI (00|00:17.00) : 8086 A353 class=010601
0:102  0:000  PCI (00|00:1D.00) : 8086 A330 class=060400
0:102  0:000  PCI (00|06:00.00) : 144D A808 class=010802
0:102  0:000  PCI (00|00:1D.05) : 8086 A335 class=060400
0:102  0:000  PCI (00|07:00.00) : 10EC 8168 class=020000
0:102  0:000   - LAN: 0 Vendor=Realtek
0:102  0:000  PCI (00|00:1E.00) : 8086 A328 class=078000
0:102  0:000  PCI (00|00:1F.00) : 8086 A30D class=060100
0:102  0:000  PCI (00|00:1F.03) : 8086 A348 class=040300
0:102  0:000  PCI (00|00:1F.04) : 8086 A323 class=0C0500
0:102  0:000  PCI (00|00:1F.05) : 8086 A324 class=0C8000
0:102  0:000  === [ GetDefaultSettings ] ================================
0:103  0:000  Clover load options size = 0 bytes
0:121  0:018  EFI\CLOVER\config.plist loaded: Success
0:121  0:000  === [ GetListOfThemes ] ===================================
0:137  0:016  === [ Found config plists ] ===============================
0:138  0:000  - config.plist
0:138  0:000  - config-legacy.plist
0:139  0:000  - config-l2.plist
0:139  0:000  === [ GetEarlyUserSettings ] ==============================
0:139  0:000  timeout set to -1
0:139  0:000  Custom boot CUSTOM_BOOT_DISABLED (0x0)
0:139  0:000  KextsToPatch: 1 requested
0:139  0:000   - [00]: AppleGFXHDA (Disables AppleGFXHDA for 0xA3488086) :: PlistPatch :: data len: 4
0:139  0:000  KernelToPatch: 1 requested
0:139  0:000   - [00]: MSR 0xE2 _xcpm_idle instant reboot(c) Pike R. Alpha :: data len: 8
0:139  0:000  Default theme: BGM
0:139  0:000  Hiding entries with string Preboot
0:139  0:000  === [ LoadDrivers ] =======================================
0:143  0:003  Loading HFSPlus.efi  status=Success
0:158  0:014   - driver needs connecting
0:158  0:000  Loading DataHubDxe-64.efi  status=Success
0:162  0:003  Loading FSInject-64.efi  status=Success
0:165  0:003  Loading FirmwareVolume-64.efi  status=Success
0:174  0:009  Loading AptioMemoryFix-64.efi  status=Success
0:178  0:004  Loading PartitionDxe-64.efi  status=Success
0:182  0:003   - driver needs connecting
0:182  0:000  Loading NTFS.efi  status=Success
0:193  0:011   - driver needs connecting
0:193  0:000  Loading apfs.efi  status=Success
0:208  0:014   - driver needs connecting
0:208  0:000  Loading EmuVariableUefi-64.efi  status=Success
0:221  0:013  EmuVariableUefi Initialize: VariableCommonInitialize = Success, orig services stored, install gEmuVariableControlProtocolGuid = Success
0:222  0:000  4 drivers needs connecting ...
0:222  0:000  PlatformDriverOverrideProtocol->GetDriver overriden
0:222  0:000  Partition driver loaded: 
0:222  0:000  HFS+ driver loaded
0:222  0:000  APFS driver loaded
0:222  0:000  Searching for invalid DiskIo BY_DRIVER connects: not found, all ok
0:991  0:768  EmuVariable InstallEmulation: orig vars copied, emu.var.services installed, CreateEvent VirtualAddressChange = Success, CreateEvent ExitBootServices = Success, set Status=Success
0:998  0:007  === [ InitScreen ] ========================================
0:998  0:000  SetMaxResolution: found best mode 0: 1920x1080
0:998  0:000   - already set
0:998  0:000  Console modes reported: 7, available modes:
0:998  0:000   - [01]: 80x25
0:998  0:000   - [02]: 80x50
0:998  0:000   - [03]: 80x25
0:998  0:000   - [04]: 240x56 (current mode)
0:998  0:000   - [05]: 100x31
0:998  0:000   - [06]: 128x40
0:998  0:000   - [07]: 160x53
0:998  0:000  SetScreenResolution: 1920x1080 - already set
0:998  0:000  reinit: self device path=PciRoot(0x0)\Pci(0x17,0x0)\Sata(0x4,0x0,0x0)\HD(1,GPT,C9561752-705B-4A3D-9317-9C051FE69603,0x28,0x64000)
1:261  0:262  === [ GetMacAddress ] =====================================
1:261  0:000  MAC address of LAN #0= 8C:16:45:B7:16:42:
1:261  0:000  MAC address of LAN #1= 8C:16:45:B7:16:42:
1:261  0:000  MAC address of LAN #2= 8C:16:45:B7:16:42:
1:261  0:000  === [ ScanSPD ] ===========================================
1:261  0:000  SMBus device : 8086 A323 class=0C0500 status=Success
1:261  0:000  SMBus CmdReg: 0x3
1:261  0:000  Scanning SMBus [8086:A323], mmio: 0xA442B004, ioport: 0x5040, hostc: 0x11
1:262  0:000  Slots to scan [8]...
1:262  0:000  SPD[0]: Type 12 @0x50
1:283  0:020  Not using XMP because it is not present
1:283  0:000  DDR speed 2666MHz
1:283  0:000  Slot: 0 Type 26 16384MB 2666MHz Vendor=Samsung PartNo=M471A2K43CB1-CTD SerialNo=0308060600060C05
1:284  0:001  === [ GetAcpiTablesList ] =================================
1:284  0:000  Get Acpi Tables List from RSDT:
1:284  0:000   - [00]: FACP  CB-01    len=268
1:284  0:000   - [01]: UEFI  CB-01    len=566
1:284  0:000   - [02]: SSDT  CB-01    len=6101
1:284  0:000   - [03]: SSDT  CB-01    len=12753
1:284  0:000   - [04]: SSDT  CB-01    len=13200
1:284  0:000   - [05]: UEFI  CB-01    len=66
1:284  0:000   - [06]: SSDT  CB-01    len=1114
1:284  0:000   - [07]: SSDT  CB-01    len=70
1:284  0:000   - [08]: TPM2  CB-01    len=52
1:284  0:000   - [09]: POAT  CB-01    len=85
1:284  0:000   - [10]: SSDT  CB-01    len=14644
1:284  0:000   - [11]: LPIT  CB-01    len=92
1:284  0:000   - [12]: WSMT  CB-01    len=40
1:284  0:000   - [13]: SSDT  CB-01    len=3119
1:284  0:000   - [14]: DBGP  CB-01    len=52
1:284  0:000   - [15]: DBG2  CB-01    len=97
1:284  0:000   - [16]: SSDT  CB-01    len=2281
1:284  0:000   - [17]: SSDT  CB-01    len=10577
1:284  0:000   - [18]: ASF!  CB-01    len=165
1:284  0:000   - [19]: HPET  CB-01    len=56
1:284  0:000   - [20]: APIC  CB-01    len=300
1:284  0:000   - [21]: MCFG  CB-01    len=60
1:284  0:000   - [22]: SSDT  CB-01    len=11199
1:284  0:000   - [23]: SSDT  CB-01    len=14214
1:284  0:000   - [24]: SSDT  CB-01    len=291
1:284  0:000   - [25]: DMAR  CB-01    len=168
1:284  0:000   - [26]: FPDT  CB-01    len=68
1:284  0:000   - [27]: BGRT  CB-01    len=56
1:284  0:000  Calibrated TSC Frequency = 2208017420 = 2208MHz
1:284  0:000  === [ GetUserSettings ] ===================================
1:284  0:000  Add 1 devices:
1:284  0:000  USB FixOwnership: yes
1:284  0:000  Dropping 3 tables:
1:284  0:000   - [00]: Drop table  signature="#MCF" (46434D23)
1:284  0:000           - set table: 46434D23,                0 to drop: no
1:284  0:000   - [01]: Drop table  signature="DMAR" (52414D44)
1:284  0:000           - set table: 52414D44,                0 to drop: yes
1:284  0:000   - [02]: Drop table  signature="SSDT" (54445353) table-id="xh_rvp10" (30317076725F6878)
1:284  0:000           - set table: 54445353, 30317076725F6878 to drop: no
1:284  0:000   - final DSDT Fix mask=00000000
1:285  0:000  PatchesDSDT: 12 requested
1:285  0:000   - [00]: (change OSID to XSID (to avoid match against _OSI XOSI patch)) lenToFind: 4, lenToReplace: 4, Target Bridge: <null string>
1:285  0:000    patch disabled at config
1:285  0:000   - [01]: (change _OSI to XOSI) lenToFind: 4, lenToReplace: 4, Target Bridge: <null string>
1:285  0:000    patch disabled at config
1:285  0:000   - [02]: (change _DSM to XDSM) lenToFind: 4, lenToReplace: 4, Target Bridge: <null string>
1:285  0:000    patch disabled at config
1:285  0:000   - [03]: (change EC0 to EC) lenToFind: 4, lenToReplace: 4, Target Bridge: <null string>
1:285  0:000    patch disabled at config
1:285  0:000   - [04]: (change H_EC to EC) lenToFind: 4, lenToReplace: 4, Target Bridge: <null string>
1:285  0:000    patch disabled at config
1:285  0:000   - [05]: (change ECDV to EC) lenToFind: 4, lenToReplace: 4, Target Bridge: <null string>
1:285  0:000    patch disabled at config
1:285  0:000   - [06]: (change HDAS to HDEF) lenToFind: 4, lenToReplace: 4, Target Bridge: <null string>
1:285  0:000    patch disabled at config
1:285  0:000   - [07]: (change HECI to IMEI) lenToFind: 4, lenToReplace: 4, Target Bridge: <null string>
1:285  0:000    patch disabled at config
1:285  0:000   - [08]: (change MEI to IMEI) lenToFind: 4, lenToReplace: 4, Target Bridge: <null string>
1:285  0:000    patch disabled at config
1:285  0:000   - [09]: (change GFX0 to IGPU) lenToFind: 4, lenToReplace: 4, Target Bridge: <null string>
1:285  0:000    patch disabled at config
1:285  0:000   - [10]: (change PCI0.VID to IGPU #1 (Thinkpad)) lenToFind: 8, lenToReplace: 8, Target Bridge: <null string>
1:285  0:000    patch disabled at config
1:285  0:000   - [11]: (change PCI0.VID to IGPU #2 (Thinkpad)) lenToFind: 14, lenToReplace: 14, Target Bridge: <null string>
1:285  0:000    patch disabled at config
1:285  0:000  Using ProductName from config: MacBookPro15,1
1:285  0:000  BiosVersion: not set, Using BiosVersion from clover
1:285  0:000  BiosVersion: 15.16.6703.0.0,0
1:285  0:000  BiosReleaseDate: 06/26/2018
1:285  0:000  Using FirmwareFeatures from clover: 0xFC0FE137
1:285  0:000  Using FirmwareFeaturesMask from clover: 0xFF1FFF3F
1:285  0:000  Using PlatformFeature from clover: 0x1A
1:285  0:000  Converted CustomUUID 5097297D-C1BC-52DE-93EE-8430E126D7DB
1:286  0:001  === [ Found DSDT tables ] =================================
1:317  0:031  - DSDT.aml
1:318  0:000  - DSDT-safe.aml
1:318  0:000  - DSDT-181028.aml
1:409  0:090  === [ ScanVolumes ] =======================================
1:409  0:000  Found 13 volumes with blockIO
1:409  0:000  - [00]: Volume: PciRoot(0x0)\Pci(0x17,0x0)\Sata(0x4,0x0,0x0)
1:409  0:000  - [01]: Volume: PciRoot(0x0)\Pci(0x17,0x0)\Sata(0x4,0x0,0x0)\HD(1,GPT,C9561752-705B-4A3D-9317-9C051FE69603,0x28,0x64000)
1:409  0:000          Result of bootcode detection: bootable unknown (legacy)
1:410  0:001          This is SelfVolume !!
1:410  0:000  - [02]: Volume: PciRoot(0x0)\Pci(0x17,0x0)\Sata(0x4,0x0,0x0)\HD(2,GPT,BEDDE480-5B28-471C-8F10-B80BEBFC6E35,0x64028,0x3A350418)
1:411  0:000          Result of bootcode detection: bootable unknown (legacy)
1:411  0:000  - [03]: Volume: PciRoot(0x0)\Pci(0x17,0x0)\Sata(0x4,0x0,0x0)\HD(3,GPT,E6B0B144-B43D-4C8C-91A7-BDC7F6E6B40B,0x3A3B4800,0x3A312000)
1:411  0:000          Result of bootcode detection: bootable unknown (legacy)
1:411  0:000  - [04]: Volume: PciRoot(0x0)\Pci(0x1D,0x0)\Pci(0x0,0x0)\NVMe(0x1,97-E1-00-81-83-38-25-00)
1:411  0:000  - [05]: Volume: PciRoot(0x0)\Pci(0x1D,0x0)\Pci(0x0,0x0)\NVMe(0x1,97-E1-00-81-83-38-25-00)\HD(1,GPT,8938925F-A760-4369-A968-464E0D4581F7,0x800,0xF9800)
1:411  0:000          Result of bootcode detection: bootable Windows (vista,win)
1:411  0:000  - [06]: Volume: PciRoot(0x0)\Pci(0x1D,0x0)\Pci(0x0,0x0)\NVMe(0x1,97-E1-00-81-83-38-25-00)\HD(2,GPT,6391CE89-84D1-4C93-9B08-B9F50EA8653C,0xFA000,0x32000)
1:412  0:000          Result of bootcode detection: bootable Windows (vista,win)
1:412  0:000  - [07]: Volume: PciRoot(0x0)\Pci(0x1D,0x0)\Pci(0x0,0x0)\NVMe(0x1,97-E1-00-81-83-38-25-00)\HD(3,GPT,04DA3E92-65CD-46D0-98F4-81C413F8A456,0x12C000,0x8000)
1:412  0:000  - [08]: Volume: PciRoot(0x0)\Pci(0x1D,0x0)\Pci(0x0,0x0)\NVMe(0x1,97-E1-00-81-83-38-25-00)\HD(4,GPT,0049F822-CC4F-4163-BF22-C906838876F0,0x134000,0x1DBBF000)
1:412  0:000          Result of bootcode detection: bootable Windows (vista,win)
1:412  0:000  - [09]: Volume: PciRoot(0x0)\Pci(0x17,0x0)\Sata(0x4,0x0,0x0)\HD(2,GPT,BEDDE480-5B28-471C-8F10-B80BEBFC6E35,0x64028,0x3A350418)\VenMedia(BE74FCF7-0B7C-49F3-9147-01F4042E6842,42607B99D3A8214D9652B83D994AB1BE)
1:412  0:000          hiding this volume
1:412  0:000  - [10]: Volume: PciRoot(0x0)\Pci(0x17,0x0)\Sata(0x4,0x0,0x0)\HD(2,GPT,BEDDE480-5B28-471C-8F10-B80BEBFC6E35,0x64028,0x3A350418)\VenMedia(BE74FCF7-0B7C-49F3-9147-01F4042E6842,A36AE23F7723EB3CBE84C41CEBD61203)
1:412  0:000  - [11]: Volume: PciRoot(0x0)\Pci(0x17,0x0)\Sata(0x4,0x0,0x0)\HD(2,GPT,BEDDE480-5B28-471C-8F10-B80BEBFC6E35,0x64028,0x3A350418)\VenMedia(BE74FCF7-0B7C-49F3-9147-01F4042E6842,C6EED665DAD121499E757A519C641E55)
1:413  0:000  - [12]: Volume: PciRoot(0x0)\Pci(0x17,0x0)\Sata(0x4,0x0,0x0)\HD(2,GPT,BEDDE480-5B28-471C-8F10-B80BEBFC6E35,0x64028,0x3A350418)\VenMedia(BE74FCF7-0B7C-49F3-9147-01F4042E6842,5B02D90C2C5D4F4896A7450AD927A864)
1:414  0:001  PutNvramPlistToRtVars: nvram.plist not found
1:414  0:000  === [ InitTheme ] =========================================
1:414  0:000   using embedded theme
1:415  0:000  Using embedded font: Success
1:415  0:000  Chosen embedded theme
1:415  0:000  after NVRAM boot-args=-xcpm nvda_drv=1 kext-dev-mode=1
1:415  0:000  === [ Dump SMC keys from NVRAM ] ==========================
1:415  0:000  no AppleSMC protocol
1:416  0:000  === [ AddCustomEntries ] ==================================
1:416  0:000  Custom entry 0 Title:"Recovery" Path:"\com.apple.recovery.boot\boot.efi" Type:10 Flags:0x6 matching all volumes
1:416  0:000      Checking volume "EFI" (PciRoot(0x0)\Pci(0x17,0x0)\Sata(0x4,0x0,0x0)\HD(1,GPT,C9561752-705B-4A3D-9317-9C051FE69603,0x28,0x64000)) ... skipped because path does not exist
1:416  0:000      Checking volume "Recovery" (PciRoot(0x0)\Pci(0x1D,0x0)\Pci(0x0,0x0)\NVMe(0x1,97-E1-00-81-83-38-25-00)\HD(1,GPT,8938925F-A760-4369-A968-464E0D4581F7,0x800,0xF9800)) ... skipped because path does not exist
1:416  0:000      Checking volume "EFI" (PciRoot(0x0)\Pci(0x1D,0x0)\Pci(0x0,0x0)\NVMe(0x1,97-E1-00-81-83-38-25-00)\HD(2,GPT,6391CE89-84D1-4C93-9B08-B9F50EA8653C,0xFA000,0x32000)) ... skipped because path does not exist
1:416  0:000      Checking volume "" (PciRoot(0x0)\Pci(0x1D,0x0)\Pci(0x0,0x0)\NVMe(0x1,97-E1-00-81-83-38-25-00)\HD(4,GPT,0049F822-CC4F-4163-BF22-C906838876F0,0x134000,0x1DBBF000)) ... skipped because path does not exist
1:416  0:000      Checking volume "Preboot" (PciRoot(0x0)\Pci(0x17,0x0)\Sata(0x4,0x0,0x0)\HD(2,GPT,BEDDE480-5B28-471C-8F10-B80BEBFC6E35,0x64028,0x3A350418)\VenMedia(BE74FCF7-0B7C-49F3-9147-01F4042E6842,42607B99D3A8214D9652B83D994AB1BE)) ... skipped because volume is hidden
1:416  0:000      Checking volume "MacOs" (PciRoot(0x0)\Pci(0x17,0x0)\Sata(0x4,0x0,0x0)\HD(2,GPT,BEDDE480-5B28-471C-8F10-B80BEBFC6E35,0x64028,0x3A350418)\VenMedia(BE74FCF7-0B7C-49F3-9147-01F4042E6842,A36AE23F7723EB3CBE84C41CEBD61203)) ... skipped because path does not exist
1:416  0:000      Checking volume "Recovery" (PciRoot(0x0)\Pci(0x17,0x0)\Sata(0x4,0x0,0x0)\HD(2,GPT,BEDDE480-5B28-471C-8F10-B80BEBFC6E35,0x64028,0x3A350418)\VenMedia(BE74FCF7-0B7C-49F3-9147-01F4042E6842,C6EED665DAD121499E757A519C641E55)) ... skipped because path does not exist
1:416  0:000      Checking volume "VM" (PciRoot(0x0)\Pci(0x17,0x0)\Sata(0x4,0x0,0x0)\HD(2,GPT,BEDDE480-5B28-471C-8F10-B80BEBFC6E35,0x64028,0x3A350418)\VenMedia(BE74FCF7-0B7C-49F3-9147-01F4042E6842,5B02D90C2C5D4F4896A7450AD927A864)) ... skipped because path does not exist
1:416  0:000  Custom entry 1 Title:"Windows" Path:"\EFI\Microsoft\Boot\bootmgfw.efi" Options:"-s -h" Type:7 Flags:0x0 matching all volumes
1:416  0:000      Checking volume "EFI" (PciRoot(0x0)\Pci(0x17,0x0)\Sata(0x4,0x0,0x0)\HD(1,GPT,C9561752-705B-4A3D-9317-9C051FE69603,0x28,0x64000)) ... skipped because path does not exist
1:417  0:000      Checking volume "Recovery" (PciRoot(0x0)\Pci(0x1D,0x0)\Pci(0x0,0x0)\NVMe(0x1,97-E1-00-81-83-38-25-00)\HD(1,GPT,8938925F-A760-4369-A968-464E0D4581F7,0x800,0xF9800)) ... skipped because path does not exist
1:417  0:000      Checking volume "EFI" (PciRoot(0x0)\Pci(0x1D,0x0)\Pci(0x0,0x0)\NVMe(0x1,97-E1-00-81-83-38-25-00)\HD(2,GPT,6391CE89-84D1-4C93-9B08-B9F50EA8653C,0xFA000,0x32000)) ... match!
1:418  0:000  Custom settings: <null string>.plist will  be applied
1:418  0:000      Checking volume "" (PciRoot(0x0)\Pci(0x1D,0x0)\Pci(0x0,0x0)\NVMe(0x1,97-E1-00-81-83-38-25-00)\HD(4,GPT,0049F822-CC4F-4163-BF22-C906838876F0,0x134000,0x1DBBF000)) ... skipped because path does not exist
1:418  0:000      Checking volume "Preboot" (PciRoot(0x0)\Pci(0x17,0x0)\Sata(0x4,0x0,0x0)\HD(2,GPT,BEDDE480-5B28-471C-8F10-B80BEBFC6E35,0x64028,0x3A350418)\VenMedia(BE74FCF7-0B7C-49F3-9147-01F4042E6842,42607B99D3A8214D9652B83D994AB1BE)) ... skipped because volume is hidden
1:418  0:000      Checking volume "MacOs" (PciRoot(0x0)\Pci(0x17,0x0)\Sata(0x4,0x0,0x0)\HD(2,GPT,BEDDE480-5B28-471C-8F10-B80BEBFC6E35,0x64028,0x3A350418)\VenMedia(BE74FCF7-0B7C-49F3-9147-01F4042E6842,A36AE23F7723EB3CBE84C41CEBD61203)) ... skipped because path does not exist
1:418  0:000      Checking volume "Recovery" (PciRoot(0x0)\Pci(0x17,0x0)\Sata(0x4,0x0,0x0)\HD(2,GPT,BEDDE480-5B28-471C-8F10-B80BEBFC6E35,0x64028,0x3A350418)\VenMedia(BE74FCF7-0B7C-49F3-9147-01F4042E6842,C6EED665DAD121499E757A519C641E55)) ... skipped because path does not exist
1:418  0:000      Checking volume "VM" (PciRoot(0x0)\Pci(0x17,0x0)\Sata(0x4,0x0,0x0)\HD(2,GPT,BEDDE480-5B28-471C-8F10-B80BEBFC6E35,0x64028,0x3A350418)\VenMedia(BE74FCF7-0B7C-49F3-9147-01F4042E6842,5B02D90C2C5D4F4896A7450AD927A864)) ... skipped because path does not exist
1:418  0:000  === [ ScanLoader ] ========================================
1:418  0:000  - [01]: 'EFI'
1:430  0:011          AddLoaderEntry for Volume Name=EFI
1:430  0:000          skipped because entry is hidden
1:430  0:000  - [05]: 'Recovery'
1:439  0:008  - [06]: 'EFI'
1:440  0:001          AddLoaderEntry for Volume Name=EFI
1:440  0:000       skipped because path `PciRoot(0x0)\Pci(0x1D,0x0)\Pci(0x0,0x0)\NVMe(0x1,97-E1-00-81-83-38-25-00)\HD(2,GPT,6391CE89-84D1-4C93-9B08-B9F50EA8653C,0xFA000,0x32000)\EFI\microsoft\Boot\bootmgfw.efii` already exists for another entry!
1:443  0:003          AddLoaderEntry for Volume Name=EFI
1:443  0:000          skipped because entry is hidden
1:443  0:000  - [08]: ''
1:450  0:006  - [09]: 'Preboot', hidden
1:450  0:000  - [10]: 'MacOs'
1:571  0:120          AddLoaderEntry for Volume Name=MacOs
1:598  0:027      Check if volume Is Hibernated:
1:598  0:000      Check sleep image 'by signature':
1:720  0:121      read prefs \Library\Preferences\com.apple.PowerManagement.plist status=Success
1:720  0:000      using default sleep image name = \private\var\vm\sleepimage
1:747  0:027      sleepimage not found -> Not Found
1:747  0:000      hibernated: no - sign
1:751  0:004  - [11]: 'Recovery'
1:752  0:000          AddLoaderEntry for Volume Name=Recovery
1:770  0:018  - [12]: 'VM'
1:771  0:001  === [ AddCustomTool ] =====================================
1:782  0:010  found tool \EFI\CLOVER\tools\Shell64U.efi
1:782  0:000  Checking EFI partition Volume 1 for Clover
1:783  0:001   Found Clover
1:783  0:000  EmuVariable UninstallEmulation: CloseEvent = Success, original var services restored
1:784  0:000  EmuVariable InstallEmulation: orig vars copied, emu.var.services installed, CreateEvent VirtualAddressChange = Success, CreateEvent ExitBootServices = Success, set Status=Success
1:792  0:007  === [ GetEfiBootDeviceFromNvram ] =========================
1:792  0:000   - efi-boot-device-data: PciRoot(0x0)\Pci(0x17,0x0)\Sata(0x4,0x0,0x0)\HD(2,GPT,BEDDE480-5B28-471C-8F10-B80BEBFC6E35,0x64028,0x3A350418)\VenMedia(BE74FCF7-0B7C-49F3-9147-01F4042E6842,42607B99D3A8214D9652B83D994AB1BE)\3FE26AA3-2377-3CEB-BE84-C41CEBD61203\System\Library\CoreServices\boot.efii
1:792  0:000    - Volume: 'PciRoot(0x0)\Pci(0x17,0x0)\Sata(0x4,0x0,0x0)\HD(2,GPT,BEDDE480-5B28-471C-8F10-B80BEBFC6E35,0x64028,0x3A350418)\VenMedia(BE74FCF7-0B7C-49F3-9147-01F4042E6842,42607B99D3A8214D9652B83D994AB1BE)'
1:792  0:000    - LoaderPath: '\3FE26AA3-2377-3CEB-BE84-C41CEBD61203\System\Library\CoreServices\boot.efi'
1:792  0:000    - Guid = BEDDE480-5B28-471C-8F10-B80BEBFC6E35
1:792  0:000  === [ FindStartupDiskVolume ] =============================
1:792  0:000    - Volume: partition = PciRoot(0x0)\Pci(0x17,0x0)\Sata(0x4,0x0,0x0)\HD(2,GPT,BEDDE480-5B28-471C-8F10-B80BEBFC6E35,0x64028,0x3A350418)\VenMedia(BE74FCF7-0B7C-49F3-9147-01F4042E6842,42607B99D3A8214D9652B83D994AB1BE)
1:792  0:000     - searching for that partition and loader '\3FE26AA3-2377-3CEB-BE84-C41CEBD61203\System\Library\CoreServices\boot.efi'
1:792  0:000      - [!] not found
1:792  0:000     - searching again, but comparing Media dev path nodes
1:792  0:000      - [!] not found
1:792  0:000     - searching for that partition
1:792  0:000      - [!] not found
1:792  0:000     - searching again, but comparing Media dev path nodes
1:792  0:000      - found entry 1. 'Boot macOS from MacOs', Volume 'MacOs'
1:792  0:000  Boot redirected to Entry 1. 'Boot macOS from MacOs'
1:792  0:000  EmuVariable UninstallEmulation: CloseEvent = Success, original var services restored
1:792  0:000  DefaultIndex=1 and MainMenu.EntryCount=9
1:870  0:078  GUI ready
13:344  11:473  Found UEFI Acpi 2.0 RSDP at 8BC0D014
13:344  0:000  Saving ACPI tables from RSDP 8BC0D014 to EFI\CLOVER\ACPI\origin ...
13:344  0:000   8BC0D014: 'RSD PTR ', Rev: 2 (Acpi 2.0 or newer), Len: 36 -> RSDP.aml
14:808  1:464    (Xsdt: 8BBEC188, Rsdt: 8BBEC0C4)
14:808  0:000    8BBEC188: 'XSDT', 'CB-01', Rev: 1, Len: 260 -> XSDT.aml
14:996  0:188    8BBEC0C4: 'RSDT', 'CB-01', Rev: 1, Len: 148 -> RSDT.aml
15:176  0:179    Tables in Xsdt: 28
15:176  0:000    0. 8BBEE000: 'FACP', 'CB-01', Rev: 5, Len: 268 -> FACP.aml
15:372  0:196        (Dsdt: 8BBB8000, Facs: 8BB0D000, XDsdt: 8BBB8000, XFacs: 0)
15:372  0:000        8BBB8000: 'DSDT', 'CB-01', Rev: 2, Len: 201566 -> DSDT.aml
15:542  0:169        8BB0D000: 'FACS', Ver: 2, Len: 64 -> FACS.aml
15:732  0:190    1. 8BC0C000: 'UEFI', 'CB-01', Rev: 1, Len: 566 -> UEFI.aml
15:903  0:171    2. 8BC0A000: 'SSDT', 'CB-01', Rev: 2, Len: 6101 -> SSDT-0-CB-01.aml (Found hidden SSDT 7 pcs)
16:075  0:171        * 8B474318: 'SSDT', 'Cpu0Ist', Rev: 2, Len: 1470  53 53 44 54 BE 05 00 00 02 D8 50 6D 52 65 66 00 Internal length = 1470 -> SSDT-x0_0-Cpu0Ist.aml
16:247  0:171        * 8B42B018: 'SSDT', 'ApIst', Rev: 2, Len: 3825  53 53 44 54 F1 0E 00 00 02 F3 50 6D 52 65 66 00 Internal length = 3825 -> SSDT-x0_1-ApIst.aml
16:419  0:171        * 8B42A018: 'SSDT', 'Cpu0Cst', Rev: 2, Len: 1024  53 53 44 54 00 04 00 00 02 DF 50 6D 52 65 66 00 Internal length = 1024 -> SSDT-x0_2-Cpu0Cst.aml
16:590  0:171        * 8B42CA98: 'SSDT', 'ApCst', Rev: 2, Len: 778  53 53 44 54 0A 03 00 00 02 EF 50 6D 52 65 66 00 Internal length = 778 -> SSDT-x0_3-ApCst.aml
16:827  0:237        * 8B474998: 'SSDT', 'Cpu0Hwp', Rev: 2, Len: 283  53 53 44 54 1B 01 00 00 02 67 50 6D 52 65 66 00 Internal length = 283 -> SSDT-x0_4-Cpu0Hwp.aml
17:015  0:187        * 8B42A698: 'SSDT', 'ApHwp', Rev: 2, Len: 791  53 53 44 54 17 03 00 00 02 E9 50 6D 52 65 66 00 Internal length = 791 -> SSDT-x0_5-ApHwp.aml
17:203  0:188        * 8B42C018: 'SSDT', 'HwpLvt', Rev: 2, Len: 1828  53 53 44 54 24 07 00 00 02 D0 50 6D 52 65 66 00 Internal length = 1828 -> SSDT-x0_6-HwpLvt.aml
17:400  0:196  
17:400  0:000    3. 8BC06000: 'SSDT', 'CB-01', Rev: 2, Len: 12753 -> SSDT-1-CB-01.aml
17:588  0:188    4. 8BC02000: 'SSDT', 'CB-01', Rev: 2, Len: 13200 -> SSDT-2-CB-01.aml
17:833  0:245    5. 8BC01000: 'UEFI', 'CB-01', Rev: 1, Len: 66 -> UEFI.aml
18:005  0:171    6. 8BC00000: 'SSDT', 'CB-01', Rev: 2, Len: 1114 -> SSDT-3-CB-01.aml
18:193  0:188    7. 8BBFF000: 'SSDT', 'CB-01', Rev: 2, Len: 70 -> SSDT-4-CB-01.aml
18:373  0:179    8. 8BBFE000: 'TPM2', 'CB-01', Rev: 3, Len: 52 -> TPM2.aml
18:561  0:188    9. 8BBFD000: 'POAT', 'CB-01', Rev: 3, Len: 85 -> POAT.aml
18:749  0:188    10. 8BBF9000: 'SSDT', 'CB-01', Rev: 2, Len: 14644 -> SSDT-5-CB-01.aml
18:937  0:188    11. 8BBF8000: 'LPIT', 'CB-01', Rev: 1, Len: 92 -> LPIT.aml
19:125  0:187    12. 8BBF7000: 'WSMT', 'CB-01', Rev: 1, Len: 40 -> WSMT.aml
19:313  0:188    13. 8BBF6000: 'SSDT', 'CB-01', Rev: 2, Len: 3119 -> SSDT-6-CB-01.aml
19:509  0:196    14. 8BBF5000: 'DBGP', 'CB-01', Rev: 1, Len: 52 -> DBGP.aml
19:697  0:187    15. 8BBF4000: 'DBG2', 'CB-01', Rev: 0, Len: 97 -> DBG2.aml
19:885  0:188    16. 8BBF3000: 'SSDT', 'CB-01', Rev: 2, Len: 2281 -> SSDT-7-CB-01.aml
20:090  0:204    17. 8BBF0000: 'SSDT', 'CB-01', Rev: 2, Len: 10577 -> SSDT-8-CB-01.aml
20:286  0:196    18. 8BBEF000: 'ASF!', 'CB-01', Rev: 32, Len: 165 -> ASF!.aml
20:482  0:195    19. 8BBED000: 'HPET', 'CB-01', Rev: 1, Len: 56 -> HPET.aml
20:670  0:188    20. 8BBEB000: 'APIC', 'CB-01', Rev: 3, Len: 300 -> APIC.aml
20:866  0:196    21. 8BBEA000: 'MCFG', 'CB-01', Rev: 1, Len: 60 -> MCFG.aml
21:055  0:188    22. 8BBB5000: 'SSDT', 'CB-01', Rev: 2, Len: 11199 -> SSDT-9-CB-01.aml
21:284  0:229    23. 8BBB1000: 'SSDT', 'CB-01', Rev: 1, Len: 14214 -> SSDT-10-CB-01.aml
21:480  0:196    24. 8BBB0000: 'SSDT', 'CB-01', Rev: 2, Len: 291 -> SSDT-11-CB-01.aml
21:668  0:187    25. 8BBAF000: 'DMAR', 'CB-01', Rev: 1, Len: 168 -> DMAR.aml
21:856  0:188    26. 8BBAE000: 'FPDT', 'CB-01', Rev: 1, Len: 68 -> FPDT.aml
22:044  0:188    27. 8BBAD000: 'BGRT', 'CB-01', Rev: 1, Len: 56 -> BGRT.aml
22:240  0:196    Tables in Rsdt: 28
22:240  0:000    0. 8BBEE000: 'FACP', 'CB-01', Rev: 5, Len: 268
22:240  0:000        (Dsdt: 8BBB8000, Facs: 8BB0D000, XDsdt: 8BBB8000, XFacs: 0)
22:240  0:000        8BBB8000: 'DSDT', 'CB-01', Rev: 2, Len: 201566
22:245  0:004        8BB0D000: 'FACS', Ver: 2, Len: 64
22:245  0:000    1. 8BC0C000: 'UEFI', 'CB-01', Rev: 1, Len: 566
22:245  0:000    2. 8BC0A000: 'SSDT', 'CB-01', Rev: 2, Len: 6101
22:245  0:000    3. 8BC06000: 'SSDT', 'CB-01', Rev: 2, Len: 12753
22:245  0:000    4. 8BC02000: 'SSDT', 'CB-01', Rev: 2, Len: 13200
22:245  0:000    5. 8BC01000: 'UEFI', 'CB-01', Rev: 1, Len: 66
22:245  0:000    6. 8BC00000: 'SSDT', 'CB-01', Rev: 2, Len: 1114
22:245  0:000    7. 8BBFF000: 'SSDT', 'CB-01', Rev: 2, Len: 70
22:245  0:000    8. 8BBFE000: 'TPM2', 'CB-01', Rev: 3, Len: 52
22:245  0:000    9. 8BBFD000: 'POAT', 'CB-01', Rev: 3, Len: 85
22:245  0:000    10. 8BBF9000: 'SSDT', 'CB-01', Rev: 2, Len: 14644
22:245  0:000    11. 8BBF8000: 'LPIT', 'CB-01', Rev: 1, Len: 92
22:245  0:000    12. 8BBF7000: 'WSMT', 'CB-01', Rev: 1, Len: 40
22:245  0:000    13. 8BBF6000: 'SSDT', 'CB-01', Rev: 2, Len: 3119
22:245  0:000    14. 8BBF5000: 'DBGP', 'CB-01', Rev: 1, Len: 52
22:245  0:000    15. 8BBF4000: 'DBG2', 'CB-01', Rev: 0, Len: 97
22:245  0:000    16. 8BBF3000: 'SSDT', 'CB-01', Rev: 2, Len: 2281
22:245  0:000    17. 8BBF0000: 'SSDT', 'CB-01', Rev: 2, Len: 10577
22:245  0:000    18. 8BBEF000: 'ASF!', 'CB-01', Rev: 32, Len: 165
22:245  0:000    19. 8BBED000: 'HPET', 'CB-01', Rev: 1, Len: 56
22:245  0:000    20. 8BBEB000: 'APIC', 'CB-01', Rev: 3, Len: 300
22:245  0:000    21. 8BBEA000: 'MCFG', 'CB-01', Rev: 1, Len: 60
22:245  0:000    22. 8BBB5000: 'SSDT', 'CB-01', Rev: 2, Len: 11199
22:245  0:000    23. 8BBB1000: 'SSDT', 'CB-01', Rev: 1, Len: 14214
22:245  0:000    24. 8BBB0000: 'SSDT', 'CB-01', Rev: 2, Len: 291
22:245  0:000    25. 8BBAF000: 'DMAR', 'CB-01', Rev: 1, Len: 168
22:245  0:000    26. 8BBAE000: 'FPDT', 'CB-01', Rev: 1, Len: 68
22:245  0:000    27. 8BBAD000: 'BGRT', 'CB-01', Rev: 1, Len: 56
22:245  0:000  Found UEFI Acpi 1.0 RSDP at 8BC0D000
22:245  0:000  Printing ACPI tables from RSDP 8BC0D000 ...
22:245  0:000   8BC0D000: 'RSD PTR ', Rev: 0 (Acpi 1.0), Len: 20
22:245  0:000    (Rsdt: 8BBEC000)
22:245  0:000    8BBEC000: 'RSDT', 'CB-01', Rev: 1, Len: 148
22:245  0:000    Tables in Rsdt: 28
22:245  0:000    0. 8BBEE000: 'FACP', 'CB-01', Rev: 5, Len: 268
22:245  0:000        (Dsdt: 8BBB8000, Facs: 8BB0D000, XDsdt: 8BBB8000, XFacs: 0)
22:245  0:000        8BBB8000: 'DSDT', 'CB-01', Rev: 2, Len: 201566
22:249  0:004        8BB0D000: 'FACS', Ver: 2, Len: 64
22:249  0:000    1. 8BC0C000: 'UEFI', 'CB-01', Rev: 1, Len: 566
22:249  0:000    2. 8BC0A000: 'SSDT', 'CB-01', Rev: 2, Len: 6101
22:249  0:000    3. 8BC06000: 'SSDT', 'CB-01', Rev: 2, Len: 12753
22:249  0:000    4. 8BC02000: 'SSDT', 'CB-01', Rev: 2, Len: 13200
22:249  0:000    5. 8BC01000: 'UEFI', 'CB-01', Rev: 1, Len: 66
22:249  0:000    6. 8BC00000: 'SSDT', 'CB-01', Rev: 2, Len: 1114
22:249  0:000    7. 8BBFF000: 'SSDT', 'CB-01', Rev: 2, Len: 70
22:249  0:000    8. 8BBFE000: 'TPM2', 'CB-01', Rev: 3, Len: 52
22:249  0:000    9. 8BBFD000: 'POAT', 'CB-01', Rev: 3, Len: 85
22:249  0:000    10. 8BBF9000: 'SSDT', 'CB-01', Rev: 2, Len: 14644
22:249  0:000    11. 8BBF8000: 'LPIT', 'CB-01', Rev: 1, Len: 92
22:249  0:000    12. 8BBF7000: 'WSMT', 'CB-01', Rev: 1, Len: 40
22:249  0:000    13. 8BBF6000: 'SSDT', 'CB-01', Rev: 2, Len: 3119
22:249  0:000    14. 8BBF5000: 'DBGP', 'CB-01', Rev: 1, Len: 52
22:249  0:000    15. 8BBF4000: 'DBG2', 'CB-01', Rev: 0, Len: 97
22:249  0:000    16. 8BBF3000: 'SSDT', 'CB-01', Rev: 2, Len: 2281
22:249  0:000    17. 8BBF0000: 'SSDT', 'CB-01', Rev: 2, Len: 10577
22:249  0:000    18. 8BBEF000: 'ASF!', 'CB-01', Rev: 32, Len: 165
22:249  0:000    19. 8BBED000: 'HPET', 'CB-01', Rev: 1, Len: 56
22:249  0:000    20. 8BBEB000: 'APIC', 'CB-01', Rev: 3, Len: 300
22:249  0:000    21. 8BBEA000: 'MCFG', 'CB-01', Rev: 1, Len: 60
22:249  0:000    22. 8BBB5000: 'SSDT', 'CB-01', Rev: 2, Len: 11199
22:249  0:000    23. 8BBB1000: 'SSDT', 'CB-01', Rev: 1, Len: 14214
22:249  0:000    24. 8BBB0000: 'SSDT', 'CB-01', Rev: 2, Len: 291
22:249  0:000    25. 8BBAF000: 'DMAR', 'CB-01', Rev: 1, Len: 168
22:249  0:000    26. 8BBAE000: 'FPDT', 'CB-01', Rev: 1, Len: 68
22:249  0:000    27. 8BBAD000: 'BGRT', 'CB-01', Rev: 1, Len: 56
33:104  10:854  Boot option Boot0000 not found
33:104  0:000  === [ StartLoader ] =======================================
33:104  0:000  Finally: ExternalClock=26MHz BusSpeed=100365kHz CPUFreq=2208MHz PIS: hw.busfrequency=104000000Hz
33:104  0:000  Loading boot.efi  status=Success
33:526  0:421  GetOSVersion: 10.14 (18A391)
33:526  0:000  CSR_CFG: CSR_ALLOW_UNTRUSTED_KEXTS | CSR_ALLOW_UNRESTRICTED_FS | CSR_ALLOW_TASK_FOR_PID | CSR_ALLOW_UNRESTRICTED_DTRACE | CSR_ALLOW_UNRESTRICTED_NVRAM
33:526  0:000  Filtering KextPatches:
33:526  0:000   - [00]: AppleGFXHDA (Disables AppleGFXHDA for 0xA3488086) :: PlistPatch :: [OS: 10.14 | MatchOS: All | MatchBuild: All] ==> allowed
33:526  0:000  Filtering KernelPatches:
33:526  0:000   - [00]: MSR 0xE2 _xcpm_idle instant reboot(c) Pike R. Alpha :: [OS: 10.14 | MatchOS: All | MatchBuild: no] ==> allowed by OS
33:526  0:000  Will not patch boot.efi
33:526  0:000  EmuVariable InstallEmulation: orig vars copied, emu.var.services installed, CreateEvent VirtualAddressChange = Success, CreateEvent ExitBootServices = Success, set Status=Success
33:533  0:007  === [ PatchSmbios ] =======================================
33:533  0:000  insert table 9 for dev 0:0
33:533  0:000  insert table 9 for dev 0:0
33:533  0:000  insert table 9 for dev 14:3
33:534  0:001  Trusting SMBIOS...
33:534  0:000  Channels: 1
33:534  0:000  Interleave: 0 1 2 3 4 5 6 7 8 9 10 11 12 13 14 15 16 17 18 19 20 21 22 23
33:534  0:000   partNum=M471A2K43CB1-CTD    
33:534  0:000  SMBIOS Type 17 Index = 0 => 0 0:
33:534  0:000  BANK 0 DIMM0 2667MHz 16384MB
33:534  0:000  SMBIOS Type 17 Index = 1 => 1 1:
33:534  0:000  BANK 0 DIMM1 EMPTY
33:534  0:000  mTotalSystemMemory = 16384
33:534  0:000  NumberOfMemoryDevices = 2
33:534  0:000  Type20[0]->End = 0xFFFFFF, Type17[0] = 0x4000
33:534  0:000  Table 131 is present, CPUType=31
33:534  0:000  Change to: 705
33:534  0:000  Table 133 is present, PlatformFeature=4F484B01
33:534  0:000  Change to: 1A
33:534  0:000  === [ PatchACPI ] =========================================
33:534  0:000  Xsdt reallocation done
33:534  0:000  old FADT length=10C
33:534  0:000   SignatureFixup: 0x3570233D -> 0x0
33:860  0:326  DSDT found in Clover volume OEM folder: EFI\CLOVER\ACPI\patched\DSDT.aml
33:887  0:026  Apply DsdtFixMask=0x00000000
33:887  0:000     drop _DSM mask=0x0000
33:887  0:000  === [ FixBiosDsdt ] =======================================
33:887  0:000  VideoCard devID=0x1C8C10DE
33:887  0:000  DisplayADR1[0] = 0x10000, DisplayADR2[0] = 0x0
33:887  0:000  VideoCard devID=0x3E9B8086
33:887  0:000  DisplayADR1[1] = 0x20000, DisplayADR2[1] = 0xFFFE
33:887  0:000  USBADR[0] = 0x140000 and PCIe = 0xFFFE
33:888  0:000  Audio HDA (addr:0x1F0003) setting specified layout-id=15 (0xF)
33:888  0:000  Patching DSDT:
33:888  0:000   - [change OSID to XSID (to avoid match against _OSI XOSI patch)]: disabled
33:888  0:000   - [change _OSI to XOSI]: disabled
33:888  0:000   - [change _DSM to XDSM]: disabled
33:888  0:000   - [change EC0 to EC]: disabled
33:888  0:000   - [change H_EC to EC]: disabled
33:888  0:000   - [change ECDV to EC]: disabled
33:888  0:000   - [change HDAS to HDEF]: disabled
33:888  0:000   - [change HECI to IMEI]: disabled
33:888  0:000   - [change MEI to IMEI]: disabled
33:888  0:000   - [change GFX0 to IGPU]: disabled
33:888  0:000   - [change PCI0.VID to IGPU #1 (Thinkpad)]: disabled
33:888  0:000   - [change PCI0.VID to IGPU #2 (Thinkpad)]: disabled
33:888  0:000    0 replacements
33:888  0:000  first CPU found at 1A944 offset 1A947
33:888  0:000  score candidate at 1A940
33:888  0:000  score inserted in acpi_cpu_score _SB_
33:888  0:000  Found ACPI CPU: PR00 | PR01 | PR02 | PR03 | PR04 | PR05 | PR06 | PR07 | PR08 | PR09 | PR10 | PR11 | PR12 | PR13 | PR14 | PR15 , within the score: _SB_
33:890  0:001  PreCleanup XSDT: count=28, length=260
33:890  0:000  PreCleanup XSDT, corrected XSDT: count=28, length=260
33:890  0:000  === [ ACPIPatchedAML ] ====================================
33:890  0:000  AutoMerge pass 1
33:890  0:000  Unsorted
33:890  0:000  Inserting SSDT-11.aml from EFI\CLOVER\ACPI\patched: size=291 @24 ... Success
33:891  0:001  Inserting SSDT-8.aml from EFI\CLOVER\ACPI\patched: size=10577 @17 ... Success
33:902  0:010  Inserting SSDT-10.aml from EFI\CLOVER\ACPI\patched: size=14276 @23 ... Success
33:907  0:004  Inserting SSDT-6.aml from EFI\CLOVER\ACPI\patched: size=3119 @13 ... Success
33:908  0:000  Inserting SSDT-PNLF.aml from EFI\CLOVER\ACPI\patched: ignore on pass 1
33:908  0:000  Inserting SSDT-7.aml from EFI\CLOVER\ACPI\patched: size=2284 @16 ... Success
33:909  0:001  Inserting SSDT-4.aml from EFI\CLOVER\ACPI\patched: size=70 @7 ... Success
33:910  0:001  Inserting SSDT-3.aml from EFI\CLOVER\ACPI\patched: size=1114 @6 ... Success
33:911  0:000  Inserting SSDT-5.aml from EFI\CLOVER\ACPI\patched: size=14644 @10 ... Success
33:912  0:001  Inserting SSDT-0.aml from EFI\CLOVER\ACPI\patched: size=6101 @2 ... Success
33:913  0:001  Inserting SSDT-2.aml from EFI\CLOVER\ACPI\patched: size=13187 @4 ... Success
33:915  0:001  Inserting SSDT-1.aml from EFI\CLOVER\ACPI\patched: size=12757 @3 ... Success
33:924  0:009  Inserting SSDT-9.aml from EFI\CLOVER\ACPI\patched: size=10561 @22 ... Success
33:931  0:007  === [ ACPIDropTables ] ====================================
33:931  0:000  Drop tables from XSDT, SIGN=DMAR TableID=CB-01    Length=168
33:931  0:000   Table[25]: DMAR  CB-01     168 dropped
33:931  0:000  === [ DropSSDT ] ==========================================
33:931  0:000  Drop tables from XSDT, SIGN=SSDT TableID= Length=0
33:931  0:000   attempt to drop already merged table[2]: SSDT  CB-01     6101 ignored
33:931  0:000   attempt to drop already merged table[3]: SSDT  CB-01     12757 ignored
33:931  0:000   attempt to drop already merged table[4]: SSDT  CB-01     13187 ignored
33:931  0:000   attempt to drop already merged table[6]: SSDT  CB-01     1114 ignored
33:931  0:000   attempt to drop already merged table[7]: SSDT  CB-01     70 ignored
33:931  0:000   attempt to drop already merged table[10]: SSDT  CB-01     14644 ignored
33:931  0:000   attempt to drop already merged table[13]: SSDT  CB-01     3119 ignored
33:931  0:000   attempt to drop already merged table[16]: SSDT  CB-01     2284 ignored
33:931  0:000   attempt to drop already merged table[17]: SSDT  CB-01     10577 ignored
33:931  0:000   attempt to drop already merged table[22]: SSDT  CB-01     10561 ignored
33:931  0:000   attempt to drop already merged table[23]: SSDT  CB-01     14276 ignored
33:931  0:000   attempt to drop already merged table[24]: SSDT  CB-01     291 ignored
33:931  0:000  0. [change OSID to XSID (to avoid match against _OSI XOSI patch)]: disabled
33:931  0:000  1. [change _OSI to XOSI]: disabled
33:931  0:000  2. [change _DSM to XDSM]: disabled
33:931  0:000  3. [change EC0 to EC]: disabled
33:931  0:000  4. [change H_EC to EC]: disabled
33:931  0:000  5. [change ECDV to EC]: disabled
33:931  0:000  6. [change HDAS to HDEF]: disabled
33:931  0:000  7. [change HECI to IMEI]: disabled
33:931  0:000  8. [change MEI to IMEI]: disabled
33:931  0:000  9. [change GFX0 to IGPU]: disabled
33:931  0:000  10. [change PCI0.VID to IGPU #1 (Thinkpad)]: disabled
33:931  0:000  11. [change PCI0.VID to IGPU #2 (Thinkpad)]: disabled
33:931  0:000    0 replacements
33:931  0:000  Found OperationRegion(PNVS, SystemMemory, 8BDD7000, ...)
33:931  0:000  0. [change OSID to XSID (to avoid match against _OSI XOSI patch)]: disabled
33:931  0:000  1. [change _OSI to XOSI]: disabled
33:931  0:000  2. [change _DSM to XDSM]: disabled
33:931  0:000  3. [change EC0 to EC]: disabled
33:931  0:000  4. [change H_EC to EC]: disabled
33:931  0:000  5. [change ECDV to EC]: disabled
33:931  0:000  6. [change HDAS to HDEF]: disabled
33:931  0:000  7. [change HECI to IMEI]: disabled
33:931  0:000  8. [change MEI to IMEI]: disabled
33:931  0:000  9. [change GFX0 to IGPU]: disabled
33:931  0:000  10. [change PCI0.VID to IGPU #1 (Thinkpad)]: disabled
33:931  0:000  11. [change PCI0.VID to IGPU #2 (Thinkpad)]: disabled
33:931  0:000    0 replacements
33:931  0:000  Found OperationRegion(SANV, SystemMemory, 8BB8D198, ...)
33:931  0:000  0. [change OSID to XSID (to avoid match against _OSI XOSI patch)]: disabled
33:931  0:000  1. [change _OSI to XOSI]: disabled
33:931  0:000  2. [change _DSM to XDSM]: disabled
33:931  0:000  3. [change EC0 to EC]: disabled
33:931  0:000  4. [change H_EC to EC]: disabled
33:931  0:000  5. [change ECDV to EC]: disabled
33:931  0:000  6. [change HDAS to HDEF]: disabled
33:931  0:000  7. [change HECI to IMEI]: disabled
33:931  0:000  8. [change MEI to IMEI]: disabled
33:931  0:000  9. [change GFX0 to IGPU]: disabled
33:931  0:000  10. [change PCI0.VID to IGPU #1 (Thinkpad)]: disabled
33:931  0:000  11. [change PCI0.VID to IGPU #2 (Thinkpad)]: disabled
33:931  0:000    0 replacements
33:931  0:000  0. [change OSID to XSID (to avoid match against _OSI XOSI patch)]: disabled
33:931  0:000  1. [change _OSI to XOSI]: disabled
33:931  0:000  2. [change _DSM to XDSM]: disabled
33:931  0:000  3. [change EC0 to EC]: disabled
33:931  0:000  4. [change H_EC to EC]: disabled
33:931  0:000  5. [change ECDV to EC]: disabled
33:931  0:000  6. [change HDAS to HDEF]: disabled
33:931  0:000  7. [change HECI to IMEI]: disabled
33:931  0:000  8. [change MEI to IMEI]: disabled
33:931  0:000  9. [change GFX0 to IGPU]: disabled
33:931  0:000  10. [change PCI0.VID to IGPU #1 (Thinkpad)]: disabled
33:931  0:000  11. [change PCI0.VID to IGPU #2 (Thinkpad)]: disabled
33:931  0:000    0 replacements
33:931  0:000  Found OperationRegion(FHCI, SystemMemory, FED40000, ...)
33:931  0:000  Found OperationRegion(TNVS, SystemMemory, 8BB24000, ...)
33:931  0:000  0. [change OSID to XSID (to avoid match against _OSI XOSI patch)]: disabled
33:931  0:000  1. [change _OSI to XOSI]: disabled
33:931  0:000  2. [change _DSM to XDSM]: disabled
33:931  0:000  3. [change EC0 to EC]: disabled
33:931  0:000  4. [change H_EC to EC]: disabled
33:931  0:000  5. [change ECDV to EC]: disabled
33:931  0:000  6. [change HDAS to HDEF]: disabled
33:931  0:000  7. [change HECI to IMEI]: disabled
33:931  0:000  8. [change MEI to IMEI]: disabled
33:931  0:000  9. [change GFX0 to IGPU]: disabled
33:931  0:000  10. [change PCI0.VID to IGPU #1 (Thinkpad)]: disabled
33:931  0:000  11. [change PCI0.VID to IGPU #2 (Thinkpad)]: disabled
33:931  0:000    0 replacements
33:931  0:000  Found OperationRegion(MENV, SystemMemory, 8BB8DA98, ...)
33:931  0:000  0. [change OSID to XSID (to avoid match against _OSI XOSI patch)]: disabled
33:931  0:000  1. [change _OSI to XOSI]: disabled
33:931  0:000  2. [change _DSM to XDSM]: disabled
33:931  0:000  3. [change EC0 to EC]: disabled
33:931  0:000  4. [change H_EC to EC]: disabled
33:931  0:000  5. [change ECDV to EC]: disabled
33:931  0:000  6. [change HDAS to HDEF]: disabled
33:931  0:000  7. [change HECI to IMEI]: disabled
33:931  0:000  8. [change MEI to IMEI]: disabled
33:931  0:000  9. [change GFX0 to IGPU]: disabled
33:931  0:000  10. [change PCI0.VID to IGPU #1 (Thinkpad)]: disabled
33:931  0:000  11. [change PCI0.VID to IGPU #2 (Thinkpad)]: disabled
33:931  0:000    0 replacements
33:931  0:000  0. [change OSID to XSID (to avoid match against _OSI XOSI patch)]: disabled
33:931  0:000  1. [change _OSI to XOSI]: disabled
33:931  0:000  2. [change _DSM to XDSM]: disabled
33:931  0:000  3. [change EC0 to EC]: disabled
33:931  0:000  4. [change H_EC to EC]: disabled
33:931  0:000  5. [change ECDV to EC]: disabled
33:931  0:000  6. [change HDAS to HDEF]: disabled
33:931  0:000  7. [change HECI to IMEI]: disabled
33:931  0:000  8. [change MEI to IMEI]: disabled
33:931  0:000  9. [change GFX0 to IGPU]: disabled
33:931  0:000  10. [change PCI0.VID to IGPU #1 (Thinkpad)]: disabled
33:931  0:000  11. [change PCI0.VID to IGPU #2 (Thinkpad)]: disabled
33:931  0:000    0 replacements
33:931  0:000  0. [change OSID to XSID (to avoid match against _OSI XOSI patch)]: disabled
33:931  0:000  1. [change _OSI to XOSI]: disabled
33:931  0:000  2. [change _DSM to XDSM]: disabled
33:931  0:000  3. [change EC0 to EC]: disabled
33:931  0:000  4. [change H_EC to EC]: disabled
33:931  0:000  5. [change ECDV to EC]: disabled
33:931  0:000  6. [change HDAS to HDEF]: disabled
33:931  0:000  7. [change HECI to IMEI]: disabled
33:931  0:000  8. [change MEI to IMEI]: disabled
33:931  0:000  9. [change GFX0 to IGPU]: disabled
33:931  0:000  10. [change PCI0.VID to IGPU #1 (Thinkpad)]: disabled
33:931  0:000  11. [change PCI0.VID to IGPU #2 (Thinkpad)]: disabled
33:931  0:000    0 replacements
33:931  0:000  Found OperationRegion(E9FF, SystemMemory, FF00D980, ...)
33:931  0:000  Found OperationRegion(ECSM, SystemMemory, FF00D460, ...)
33:931  0:000  0. [change OSID to XSID (to avoid match against _OSI XOSI patch)]: disabled
33:931  0:000  1. [change _OSI to XOSI]: disabled
33:931  0:000  2. [change _DSM to XDSM]: disabled
33:931  0:000  3. [change EC0 to EC]: disabled
33:931  0:000  4. [change H_EC to EC]: disabled
33:931  0:000  5. [change ECDV to EC]: disabled
33:931  0:000  6. [change HDAS to HDEF]: disabled
33:931  0:000  7. [change HECI to IMEI]: disabled
33:931  0:000  8. [change MEI to IMEI]: disabled
33:931  0:000  9. [change GFX0 to IGPU]: disabled
33:931  0:000  10. [change PCI0.VID to IGPU #1 (Thinkpad)]: disabled
33:931  0:000  11. [change PCI0.VID to IGPU #2 (Thinkpad)]: disabled
33:931  0:000    0 replacements
33:931  0:000  0. [change OSID to XSID (to avoid match against _OSI XOSI patch)]: disabled
33:931  0:000  1. [change _OSI to XOSI]: disabled
33:931  0:000  2. [change _DSM to XDSM]: disabled
33:931  0:000  3. [change EC0 to EC]: disabled
33:931  0:000  4. [change H_EC to EC]: disabled
33:931  0:000  5. [change ECDV to EC]: disabled
33:931  0:000  6. [change HDAS to HDEF]: disabled
33:931  0:000  7. [change HECI to IMEI]: disabled
33:931  0:000  8. [change MEI to IMEI]: disabled
33:931  0:000  9. [change GFX0 to IGPU]: disabled
33:931  0:000  10. [change PCI0.VID to IGPU #1 (Thinkpad)]: disabled
33:931  0:000  11. [change PCI0.VID to IGPU #2 (Thinkpad)]: disabled
33:931  0:000    0 replacements
33:931  0:000  0. [change OSID to XSID (to avoid match against _OSI XOSI patch)]: disabled
33:931  0:000  1. [change _OSI to XOSI]: disabled
33:931  0:000  2. [change _DSM to XDSM]: disabled
33:931  0:000  3. [change EC0 to EC]: disabled
33:932  0:000  4. [change H_EC to EC]: disabled
33:932  0:000  5. [change ECDV to EC]: disabled
33:932  0:000  6. [change HDAS to HDEF]: disabled
33:932  0:000  7. [change HECI to IMEI]: disabled
33:932  0:000  8. [change MEI to IMEI]: disabled
33:932  0:000  9. [change GFX0 to IGPU]: disabled
33:932  0:000  10. [change PCI0.VID to IGPU #1 (Thinkpad)]: disabled
33:932  0:000  11. [change PCI0.VID to IGPU #2 (Thinkpad)]: disabled
33:932  0:000    0 replacements
33:932  0:000  Found OperationRegion(VBOR, SystemMemory, 8BACA018, ...)
33:932  0:000  Found OperationRegion(SGOP, SystemMemory, 8B474018, ...)
33:932  0:000  Found OperationRegion(NOPR, SystemMemory, 8BAC7018, ...)
33:932  0:000  0. [change OSID to XSID (to avoid match against _OSI XOSI patch)]: disabled
33:932  0:000  1. [change _OSI to XOSI]: disabled
33:932  0:000  2. [change _DSM to XDSM]: disabled
33:932  0:000  3. [change EC0 to EC]: disabled
33:932  0:000  4. [change H_EC to EC]: disabled
33:932  0:000  5. [change ECDV to EC]: disabled
33:932  0:000  6. [change HDAS to HDEF]: disabled
33:932  0:000  7. [change HECI to IMEI]: disabled
33:932  0:000  8. [change MEI to IMEI]: disabled
33:932  0:000  9. [change GFX0 to IGPU]: disabled
33:932  0:000  10. [change PCI0.VID to IGPU #1 (Thinkpad)]: disabled
33:932  0:000  11. [change PCI0.VID to IGPU #2 (Thinkpad)]: disabled
33:932  0:000    0 replacements
33:932  0:000  === [ ACPIPatchedAML ] ====================================
33:932  0:000  AutoMerge pass 2
33:932  0:000  Unsorted
33:932  0:000  Inserting SSDT-PNLF.aml from EFI\CLOVER\ACPI\patched: size=93 ... Success
33:940  0:008  CPUBase=0 and ApicCPUBase=1 ApicCPUNum=16
33:940  0:000  Maximum control=0x16
33:940  0:000  Turbo control=0x29
33:940  0:000  P-States: min 0x8, max 0x29
33:940  0:000  SSDT with plugin-type without P-States is generated
33:940  0:000  Cleanup XSDT: count=30, length=276
33:940  0:000  corrected XSDT count=29, length=268
33:940  0:000  === [ RestSetup macOS ] ===================================
33:940  0:000  EdidDiscovered size=128
33:940  0:000  --- Discovered EDID Table size:128
33:940  0:000  000  |  00  FF  FF  FF  FF  FF  FF  00  30  E4
33:940  0:000  010  |  E5  05  00  00  00  00  00  1C  01  04
33:940  0:000  020  |  A5  22  13  78  02  38  D5  97  5E  59
33:940  0:000  030  |  8E  27  1C  50  54  00  00  00  01  01
33:940  0:000  040  |  01  01  01  01  01  01  01  01  01  01
33:940  0:000  050  |  01  01  01  01  24  36  80  A0  70  38
33:940  0:000  060  |  1F  40  30  20  35  00  58  C2  10  00
33:940  0:000  070  |  00  19  00  00  00  00  00  00  00  00
33:940  0:000  080  |  00  00  00  00  00  00  00  00  00  00
33:940  0:000  090  |  00  00  00  FE  00  4C  47  20  44  69
33:940  0:000  100  |  73  70  6C  61  79  0A  20  20  00  00
33:940  0:000  110  |  00  FE  00  4C  50  31  35  36  57  46
33:940  0:000  120  |  43  2D  53  50  44  31  00  3E
33:940  0:000      ProductID = 0x05E5 changed to 0x9CC9
33:940  0:000  --- Patched EDID Table size:128
33:940  0:000  000  |  00  FF  FF  FF  FF  FF  FF  00  30  E4
33:940  0:000  010  |  C9  9C  00  00  00  00  00  1C  01  04
33:940  0:000  020  |  A5  22  13  78  02  38  D5  97  5E  59
33:940  0:000  030  |  8E  27  1C  50  54  00  00  00  01  01
33:940  0:000  040  |  01  01  01  01  01  01  01  01  01  01
33:940  0:000  050  |  01  01  01  01  24  36  80  A0  70  38
33:940  0:000  060  |  1F  40  30  20  35  00  58  C2  10  00
33:940  0:000  070  |  00  19  00  00  00  00  00  00  00  00
33:940  0:000  080  |  00  00  00  00  00  00  00  00  00  00
33:940  0:000  090  |  00  00  00  FE  00  4C  47  20  44  69
33:940  0:000  100  |  73  70  6C  61  79  0A  20  20  00  00
33:940  0:000  110  |  00  FE  00  4C  50  31  35  36  57  46
33:940  0:000  120  |  43  2D  53  50  44  31  00  C3
33:940  0:000  add device: PciRoot(0x0)/Pci(0x2,0x0)
33:940  0:000     Add key=framebuffer-unifiedmem valuelen=4
33:940  0:000     Add key=framebuffer-stolenmem valuelen=4
33:940  0:000     Add key=framebuffer-portcount valuelen=4
33:940  0:000     Add key=framebuffer-pipecount valuelen=4
33:940  0:000     Add key=framebuffer-patch-enable valuelen=4
33:940  0:000     Add key=framebuffer-mobile valuelen=4
33:940  0:000     Add key=framebuffer-memorycount valuelen=4
33:940  0:000     Add key=framebuffer-fbmem valuelen=4
33:940  0:000     Add key=framebuffer-con3-type valuelen=4
33:940  0:000     Add key=framebuffer-con3-pipe valuelen=4
33:940  0:000     Add key=framebuffer-con3-index valuelen=4
33:940  0:000     Add key=framebuffer-con3-flags valuelen=4
33:940  0:000     Add key=framebuffer-con3-enable valuelen=4
33:940  0:000     Add key=framebuffer-con3-busid valuelen=4
33:940  0:000     Add key=framebuffer-con2-type valuelen=4
33:940  0:000     Add key=framebuffer-con2-pipe valuelen=4
33:940  0:000     Add key=framebuffer-con2-index valuelen=4
33:940  0:000     Add key=framebuffer-con2-flags valuelen=4
33:940  0:000     Add key=framebuffer-con2-enable valuelen=4
33:940  0:000     Add key=framebuffer-con2-busid valuelen=4
33:940  0:000     Add key=framebuffer-con1-type valuelen=4
33:940  0:000     Add key=framebuffer-con1-pipe valuelen=4
33:940  0:000     Add key=framebuffer-con1-index valuelen=4
33:940  0:000     Add key=framebuffer-con1-flags valuelen=4
33:940  0:000     Add key=framebuffer-con1-enable valuelen=4
33:940  0:000     Add key=framebuffer-con1-busid valuelen=4
33:940  0:000     Add key=disable-external-gpu valuelen=4
33:940  0:000     Add key=AAPL,ig-platform-id valuelen=4
33:940  0:000  NVidia GFX injection not set
33:940  0:000  Intel GFX injection not set
33:941  0:000   RCBA disabled; cannot use it
33:941  0:000   setting specified layout-id=15 (0xF)
33:941  0:000  stringlength = 4286
33:941  0:000  CurrentMode: Width=1920 Height=1080
33:941  0:000  Beginning FSInjection
FSInjectionInstall ...
- Our FSI_SIMPLE_FILE_SYSTEM_PROTOCOL installed on handle: 7AA37698
FSInjectionInstall ...
- Our FSI_SIMPLE_FILE_SYSTEM_PROTOCOL installed on handle: 7AA37698
33:943  0:001  Use origin smbios table type 1 guid.
33:944  0:001  Preparing kexts injection for arch=x86_64 from EFI\CLOVER\kexts\Other
33:944  0:000  Extra kext: EFI\CLOVER\kexts\Other\ACPIBatteryManager.kext (v.1.90.1)
33:947  0:002  Extra kext: EFI\CLOVER\kexts\Other\RealtekRTL8111.kext (v.2.2.1)
33:959  0:012  Extra kext: EFI\CLOVER\kexts\Other\FakeSMC.kext (v.1787)
33:963  0:003  Extra kext: EFI\CLOVER\kexts\Other\VoodooPS2Controller.kext (v.1.9.2)
33:973  0:009    |-- PlugIn kext: EFI\CLOVER\kexts\Other\VoodooPS2Controller.kext\Contents\PlugIns\VoodooPS2Keyboard.kext (v.1.9.2)
33:977  0:004  SetScreenResolution: 1920x1080 - already set
33:977  0:000  Custom boot is disabled
33:978  0:000  Closing log
